{"/home/williamtome/projetos/fullstack_master/convertmymoney/lib/api-bcb.js": {"path":"/home/williamtome/projetos/fullstack_master/convertmymoney/lib/api-bcb.js","statementMap":{"0":{"start":{"line":1,"column":14},"end":{"line":1,"column":30}},"1":{"start":{"line":3,"column":15},"end":{"line":3,"column":224}},"2":{"start":{"line":3,"column":23},"end":{"line":3,"column":224}},"3":{"start":{"line":5,"column":22},"end":{"line":5,"column":43}},"4":{"start":{"line":5,"column":29},"end":{"line":5,"column":43}},"5":{"start":{"line":6,"column":23},"end":{"line":6,"column":60}},"6":{"start":{"line":6,"column":30},"end":{"line":6,"column":60}},"7":{"start":{"line":7,"column":17},"end":{"line":10,"column":1}},"8":{"start":{"line":8,"column":16},"end":{"line":8,"column":26}},"9":{"start":{"line":9,"column":2},"end":{"line":9,"column":83}},"10":{"start":{"line":12,"column":19},"end":{"line":22,"column":1}},"11":{"start":{"line":13,"column":2},"end":{"line":21,"column":3}},"12":{"start":{"line":14,"column":18},"end":{"line":14,"column":28}},"13":{"start":{"line":15,"column":16},"end":{"line":15,"column":29}},"14":{"start":{"line":16,"column":16},"end":{"line":16,"column":40}},"15":{"start":{"line":17,"column":20},"end":{"line":17,"column":39}},"16":{"start":{"line":18,"column":4},"end":{"line":18,"column":18}},"17":{"start":{"line":20,"column":4},"end":{"line":20,"column":13}},"18":{"start":{"line":24,"column":0},"end":{"line":30,"column":1}}},"fnMap":{"0":{"name":"(anonymous_0)","decl":{"start":{"line":3,"column":15},"end":{"line":3,"column":16}},"loc":{"start":{"line":3,"column":23},"end":{"line":3,"column":224}},"line":3},"1":{"name":"(anonymous_1)","decl":{"start":{"line":5,"column":22},"end":{"line":5,"column":23}},"loc":{"start":{"line":5,"column":29},"end":{"line":5,"column":43}},"line":5},"2":{"name":"(anonymous_2)","decl":{"start":{"line":6,"column":23},"end":{"line":6,"column":24}},"loc":{"start":{"line":6,"column":30},"end":{"line":6,"column":60}},"line":6},"3":{"name":"(anonymous_3)","decl":{"start":{"line":7,"column":17},"end":{"line":7,"column":18}},"loc":{"start":{"line":7,"column":23},"end":{"line":10,"column":1}},"line":7},"4":{"name":"(anonymous_4)","decl":{"start":{"line":12,"column":19},"end":{"line":12,"column":20}},"loc":{"start":{"line":12,"column":30},"end":{"line":22,"column":1}},"line":12}},"branchMap":{},"s":{"0":1,"1":1,"2":1,"3":1,"4":1,"5":1,"6":1,"7":1,"8":1,"9":1,"10":1,"11":0,"12":0,"13":0,"14":0,"15":0,"16":0,"17":0,"18":1},"f":{"0":1,"1":1,"2":1,"3":1,"4":0},"b":{},"_coverageSchema":"1a1c01bbd47fc00a2c39e90264f33305004495a9","hash":"b7bc784edb009fb5683d6d3ff260d1365d7125b9"}
,"/home/williamtome/projetos/fullstack_master/convertmymoney/lib/convert.js": {"path":"/home/williamtome/projetos/fullstack_master/convertmymoney/lib/convert.js","statementMap":{"0":{"start":{"line":1,"column":16},"end":{"line":1,"column":61}},"1":{"start":{"line":1,"column":41},"end":{"line":1,"column":61}},"2":{"start":{"line":3,"column":16},"end":{"line":3,"column":53}},"3":{"start":{"line":3,"column":25},"end":{"line":3,"column":53}},"4":{"start":{"line":5,"column":0},"end":{"line":5,"column":37}}},"fnMap":{"0":{"name":"(anonymous_0)","decl":{"start":{"line":1,"column":16},"end":{"line":1,"column":17}},"loc":{"start":{"line":1,"column":41},"end":{"line":1,"column":61}},"line":1},"1":{"name":"(anonymous_1)","decl":{"start":{"line":3,"column":16},"end":{"line":3,"column":17}},"loc":{"start":{"line":3,"column":25},"end":{"line":3,"column":53}},"line":3}},"branchMap":{},"s":{"0":1,"1":2,"2":1,"3":2,"4":1},"f":{"0":2,"1":2},"b":{},"_coverageSchema":"1a1c01bbd47fc00a2c39e90264f33305004495a9","hash":"e9e1b797d8b0528859316b3c2ea1c9e317d73cf1"}
}
